<?xml version="1.0" encoding="UTF-8"?>
<testsuite xmlns:xsi="http://www.w3.org/2001/XMLSchema-instance" xsi:noNamespaceSchemaLocation="https://maven.apache.org/surefire/maven-surefire-plugin/xsd/surefire-test-report-3.0.xsd" version="3.0" name="com.p2p.service.LoanServiceTest" time="0.039" tests="10" errors="0" skipped="0" failures="0">
  <properties>
[...]
</properties>
  <testcase name="shouldAllowRepaymentWhenLoanActive" classname="com.p2p.service.LoanServiceTest" time="0.017"/>
  <testcase name="shouldRejectRepaymentWhenAmountInvalid" classname="com.p2p.service.LoanServiceTest" time="0.001"/>
  <testcase name="shouldReduceOutstandingWhenRepay" classname="com.p2p.service.LoanServiceTest" time="0.001"/>
  <testcase name="shouldRejectLoanWhenCreditScoreLow" classname="com.p2p.service.LoanServiceTest" time="0.001"/>
  <testcase name="shouldActivateLoanWhenFunded" classname="com.p2p.service.LoanServiceTest" time="0.0"/>
  <testcase name="shouldApproveLoanWhenCreditScoreHigh" classname="com.p2p.service.LoanServiceTest" time="0.004"/>
  <testcase name="shouldNotActivateLoanIfNotFunded" classname="com.p2p.service.LoanServiceTest" time="0.001"/>
  <testcase name="shouldRejectLoanWhenAmountIsZeroOrNegative" classname="com.p2p.service.LoanServiceTest" time="0.001"/>
  <testcase name="shouldCompleteLoanWhenOutstandingZero" classname="com.p2p.service.LoanServiceTest" time="0.001"/>
  <testcase name="shouldRejectLoanWhenBorrowerNotVerified" classname="com.p2p.service.LoanServiceTest" time="0.001"/>
</testsuite>